<?xml version="1.0" encoding="UTF-8"?>
<testsuite name="cap.stone.MemberTest" tests="1" skipped="0" failures="0" errors="0" timestamp="2022-11-19T16:24:07" hostname="DESKTOP-RM6ANIH" time="0.771">
  <properties/>
  <testcase name="memberSave()" classname="cap.stone.MemberTest" time="0.771"/>
  <system-out><![CDATA[01:24:00.769 [Test worker] DEBUG org.springframework.test.context.BootstrapUtils - Instantiating CacheAwareContextLoaderDelegate from class [org.springframework.test.context.cache.DefaultCacheAwareContextLoaderDelegate]
01:24:00.786 [Test worker] DEBUG org.springframework.test.context.BootstrapUtils - Instantiating BootstrapContext using constructor [public org.springframework.test.context.support.DefaultBootstrapContext(java.lang.Class,org.springframework.test.context.CacheAwareContextLoaderDelegate)]
01:24:00.825 [Test worker] DEBUG org.springframework.test.context.BootstrapUtils - Instantiating TestContextBootstrapper for test class [cap.stone.MemberTest] from class [org.springframework.boot.test.context.SpringBootTestContextBootstrapper]
01:24:00.842 [Test worker] INFO org.springframework.boot.test.context.SpringBootTestContextBootstrapper - Neither @ContextConfiguration nor @ContextHierarchy found for test class [cap.stone.MemberTest], using SpringBootContextLoader
01:24:00.847 [Test worker] DEBUG org.springframework.test.context.support.AbstractContextLoader - Did not detect default resource location for test class [cap.stone.MemberTest]: class path resource [cap/stone/MemberTest-context.xml] does not exist
01:24:00.847 [Test worker] DEBUG org.springframework.test.context.support.AbstractContextLoader - Did not detect default resource location for test class [cap.stone.MemberTest]: class path resource [cap/stone/MemberTestContext.groovy] does not exist
01:24:00.847 [Test worker] INFO org.springframework.test.context.support.AbstractContextLoader - Could not detect default resource locations for test class [cap.stone.MemberTest]: no resource found for suffixes {-context.xml, Context.groovy}.
01:24:00.848 [Test worker] INFO org.springframework.test.context.support.AnnotationConfigContextLoaderUtils - Could not detect default configuration classes for test class [cap.stone.MemberTest]: MemberTest does not declare any static, non-private, non-final, nested classes annotated with @Configuration.
01:24:00.898 [Test worker] DEBUG org.springframework.test.context.support.ActiveProfilesUtils - Could not find an 'annotation declaring class' for annotation type [org.springframework.test.context.ActiveProfiles] and class [cap.stone.MemberTest]
01:24:00.973 [Test worker] DEBUG org.springframework.context.annotation.ClassPathScanningCandidateComponentProvider - Identified candidate component class: file [C:\Users\jungh\Desktop\stone\build\classes\java\main\cap\stone\StoneApplication.class]
01:24:00.975 [Test worker] INFO org.springframework.boot.test.context.SpringBootTestContextBootstrapper - Found @SpringBootConfiguration cap.stone.StoneApplication for test class cap.stone.MemberTest
01:24:01.098 [Test worker] DEBUG org.springframework.boot.test.context.SpringBootTestContextBootstrapper - @TestExecutionListeners is not present for class [cap.stone.MemberTest]: using defaults.
01:24:01.099 [Test worker] INFO org.springframework.boot.test.context.SpringBootTestContextBootstrapper - Loaded default TestExecutionListener class names from location [META-INF/spring.factories]: [org.springframework.security.test.context.support.WithSecurityContextTestExecutionListener, org.springframework.security.test.context.support.ReactorContextTestExecutionListener, org.springframework.boot.test.autoconfigure.restdocs.RestDocsTestExecutionListener, org.springframework.boot.test.autoconfigure.web.client.MockRestServiceServerResetTestExecutionListener, org.springframework.boot.test.autoconfigure.web.servlet.MockMvcPrintOnlyOnFailureTestExecutionListener, org.springframework.boot.test.autoconfigure.web.servlet.WebDriverTestExecutionListener, org.springframework.boot.test.autoconfigure.webservices.client.MockWebServiceServerTestExecutionListener, org.springframework.boot.test.mock.mockito.MockitoTestExecutionListener, org.springframework.boot.test.mock.mockito.ResetMocksTestExecutionListener, org.springframework.test.context.web.ServletTestExecutionListener, org.springframework.test.context.support.DirtiesContextBeforeModesTestExecutionListener, org.springframework.test.context.event.ApplicationEventsTestExecutionListener, org.springframework.test.context.support.DependencyInjectionTestExecutionListener, org.springframework.test.context.support.DirtiesContextTestExecutionListener, org.springframework.test.context.transaction.TransactionalTestExecutionListener, org.springframework.test.context.jdbc.SqlScriptsTestExecutionListener, org.springframework.test.context.event.EventPublishingTestExecutionListener]
01:24:01.126 [Test worker] INFO org.springframework.boot.test.context.SpringBootTestContextBootstrapper - Using TestExecutionListeners: [org.springframework.test.context.web.ServletTestExecutionListener@5f3b9c57, org.springframework.test.context.support.DirtiesContextBeforeModesTestExecutionListener@1e044120, org.springframework.test.context.event.ApplicationEventsTestExecutionListener@2cf23c81, org.springframework.boot.test.mock.mockito.MockitoTestExecutionListener@3624da92, org.springframework.boot.test.autoconfigure.SpringBootDependencyInjectionTestExecutionListener@35fe2125, org.springframework.test.context.support.DirtiesContextTestExecutionListener@94f6bfb, org.springframework.test.context.transaction.TransactionalTestExecutionListener@34645867, org.springframework.test.context.jdbc.SqlScriptsTestExecutionListener@2484f433, org.springframework.security.test.context.support.WithSecurityContextTestExecutionListener@60b71e8f, org.springframework.test.context.event.EventPublishingTestExecutionListener@1255b1d1, org.springframework.security.test.context.support.ReactorContextTestExecutionListener@464649c, org.springframework.boot.test.autoconfigure.restdocs.RestDocsTestExecutionListener@7c22d4f, org.springframework.boot.test.autoconfigure.web.client.MockRestServiceServerResetTestExecutionListener@5f59185e, org.springframework.boot.test.autoconfigure.web.servlet.MockMvcPrintOnlyOnFailureTestExecutionListener@60bdf15d, org.springframework.boot.test.autoconfigure.web.servlet.WebDriverTestExecutionListener@47da3952, org.springframework.boot.test.autoconfigure.webservices.client.MockWebServiceServerTestExecutionListener@51e4ccb3, org.springframework.boot.test.mock.mockito.ResetMocksTestExecutionListener@46e8a539]
01:24:01.131 [Test worker] DEBUG org.springframework.test.context.support.AbstractDirtiesContextTestExecutionListener - Before test class: context [DefaultTestContext@5c48c0c0 testClass = MemberTest, testInstance = [null], testMethod = [null], testException = [null], mergedContextConfiguration = [WebMergedContextConfiguration@10c8f62 testClass = MemberTest, locations = '{}', classes = '{class cap.stone.StoneApplication}', contextInitializerClasses = '[]', activeProfiles = '{}', propertySourceLocations = '{}', propertySourceProperties = '{org.springframework.boot.test.context.SpringBootTestContextBootstrapper=true}', contextCustomizers = set[org.springframework.boot.test.autoconfigure.actuate.metrics.MetricsExportContextCustomizerFactory$DisableMetricExportContextCustomizer@7e3181aa, org.springframework.boot.test.autoconfigure.properties.PropertyMappingContextCustomizer@0, org.springframework.boot.test.autoconfigure.web.servlet.WebDriverContextCustomizerFactory$Customizer@4ff4357f, org.springframework.boot.test.context.filter.ExcludeFilterContextCustomizer@50468873, org.springframework.boot.test.json.DuplicateJsonObjectContextCustomizerFactory$DuplicateJsonObjectContextCustomizer@2a898881, org.springframework.boot.test.mock.mockito.MockitoContextCustomizer@0, org.springframework.boot.test.web.client.TestRestTemplateContextCustomizer@497486b3, org.springframework.boot.test.context.SpringBootTestArgs@1, org.springframework.boot.test.context.SpringBootTestWebEnvironment@618425b5], resourceBasePath = 'src/main/webapp', contextLoader = 'org.springframework.boot.test.context.SpringBootContextLoader', parent = [null]], attributes = map['org.springframework.test.context.web.ServletTestExecutionListener.activateListener' -> true]], class annotated with @DirtiesContext [false] with mode [null].

  .   ____          _            __ _ _
 /\\ / ___'_ __ _ _(_)_ __  __ _ \ \ \ \
( ( )\___ | '_ | '_| | '_ \/ _` | \ \ \ \
 \\/  ___)| |_)| | | | | || (_| |  ) ) ) )
  '  |____| .__|_| |_|_| |_\__, | / / / /
 =========|_|==============|___/=/_/_/_/
 :: Spring Boot ::                (v2.7.5)

2022-11-20 01:24:01.529  INFO 33232 --- [    Test worker] cap.stone.MemberTest                     : Starting MemberTest using Java 17.0.4.1 on DESKTOP-RM6ANIH with PID 33232 (started by jungh in C:\Users\jungh\Desktop\stone)
2022-11-20 01:24:01.530  INFO 33232 --- [    Test worker] cap.stone.MemberTest                     : No active profile set, falling back to 1 default profile: "default"
2022-11-20 01:24:02.346  INFO 33232 --- [    Test worker] .s.d.r.c.RepositoryConfigurationDelegate : Bootstrapping Spring Data JPA repositories in DEFAULT mode.
2022-11-20 01:24:02.425  INFO 33232 --- [    Test worker] .s.d.r.c.RepositoryConfigurationDelegate : Finished Spring Data repository scanning in 64 ms. Found 1 JPA repository interfaces.
2022-11-20 01:24:03.219  INFO 33232 --- [    Test worker] o.hibernate.jpa.internal.util.LogHelper  : HHH000204: Processing PersistenceUnitInfo [name: default]
2022-11-20 01:24:03.303  INFO 33232 --- [    Test worker] org.hibernate.Version                    : HHH000412: Hibernate ORM core version 5.6.12.Final
2022-11-20 01:24:03.560  INFO 33232 --- [    Test worker] o.hibernate.annotations.common.Version   : HCANN000001: Hibernate Commons Annotations {5.1.2.Final}
2022-11-20 01:24:03.741  INFO 33232 --- [    Test worker] com.zaxxer.hikari.HikariDataSource       : HikariPool-1 - Starting...
2022-11-20 01:24:04.146  INFO 33232 --- [    Test worker] com.zaxxer.hikari.HikariDataSource       : HikariPool-1 - Start completed.
2022-11-20 01:24:04.168  INFO 33232 --- [    Test worker] org.hibernate.dialect.Dialect            : HHH000400: Using dialect: org.hibernate.dialect.MySQL8Dialect
2022-11-20 01:24:05.151  INFO 33232 --- [    Test worker] o.h.e.t.j.p.i.JtaPlatformInitiator       : HHH000490: Using JtaPlatform implementation: [org.hibernate.engine.transaction.jta.platform.internal.NoJtaPlatform]
2022-11-20 01:24:05.164  INFO 33232 --- [    Test worker] j.LocalContainerEntityManagerFactoryBean : Initialized JPA EntityManagerFactory for persistence unit 'default'
2022-11-20 01:24:06.056  WARN 33232 --- [    Test worker] JpaBaseConfiguration$JpaWebConfiguration : spring.jpa.open-in-view is enabled by default. Therefore, database queries may be performed during view rendering. Explicitly configure spring.jpa.open-in-view to disable this warning
2022-11-20 01:24:06.490  INFO 33232 --- [    Test worker] o.s.b.a.w.s.WelcomePageHandlerMapping    : Adding welcome page template: index
2022-11-20 01:24:07.152  WARN 33232 --- [    Test worker] .s.s.UserDetailsServiceAutoConfiguration : 

Using generated security password: 5c4bf2c8-568d-4a0d-9b8f-8e898f8da9d6

This generated password is for development use only. Your security configuration must be updated before running your application in production.

2022-11-20 01:24:07.552  INFO 33232 --- [    Test worker] o.s.s.web.DefaultSecurityFilterChain     : Will secure any request with [org.springframework.security.web.session.DisableEncodeUrlFilter@20a2930f, org.springframework.security.web.context.request.async.WebAsyncManagerIntegrationFilter@609edb55, org.springframework.security.web.context.SecurityContextPersistenceFilter@c76762, org.springframework.security.web.header.HeaderWriterFilter@411576c7, org.springframework.security.web.csrf.CsrfFilter@5fee3c9c, org.springframework.security.web.authentication.logout.LogoutFilter@1e987f59, org.springframework.security.web.authentication.UsernamePasswordAuthenticationFilter@1d0acb8f, org.springframework.security.web.authentication.ui.DefaultLoginPageGeneratingFilter@e280006, org.springframework.security.web.authentication.ui.DefaultLogoutPageGeneratingFilter@147892be, org.springframework.security.web.authentication.www.BasicAuthenticationFilter@3e7fc07e, org.springframework.security.web.savedrequest.RequestCacheAwareFilter@128d397c, org.springframework.security.web.servletapi.SecurityContextHolderAwareRequestFilter@294ab038, org.springframework.security.web.authentication.AnonymousAuthenticationFilter@13d1653, org.springframework.security.web.session.SessionManagementFilter@795e8ef5, org.springframework.security.web.access.ExceptionTranslationFilter@68c3aa38, org.springframework.security.web.access.intercept.FilterSecurityInterceptor@74159dc9]
2022-11-20 01:24:07.680  INFO 33232 --- [    Test worker] cap.stone.MemberTest                     : Started MemberTest in 6.5 seconds (JVM running for 7.904)
Hibernate: 
    /* insert cap.stone.entity.MemberEntity
        */ insert 
        into
            member
            (addr, age, gender, m_score, mail, major, nick, password, phone, point, s_id, schoolname, username) 
        values
            (?, ?, ?, ?, ?, ?, ?, ?, ?, ?, ?, ?, ?)
ㅎㅇ저장 24
Hibernate: 
    /* insert cap.stone.entity.MemberEntity
        */ insert 
        into
            member
            (addr, age, gender, m_score, mail, major, nick, password, phone, point, s_id, schoolname, username) 
        values
            (?, ?, ?, ?, ?, ?, ?, ?, ?, ?, ?, ?, ?)
ㅎㅇ저장 25
Hibernate: 
    /* insert cap.stone.entity.MemberEntity
        */ insert 
        into
            member
            (addr, age, gender, m_score, mail, major, nick, password, phone, point, s_id, schoolname, username) 
        values
            (?, ?, ?, ?, ?, ?, ?, ?, ?, ?, ?, ?, ?)
ㅎㅇ저장 26
Hibernate: 
    /* insert cap.stone.entity.MemberEntity
        */ insert 
        into
            member
            (addr, age, gender, m_score, mail, major, nick, password, phone, point, s_id, schoolname, username) 
        values
            (?, ?, ?, ?, ?, ?, ?, ?, ?, ?, ?, ?, ?)
ㅎㅇ저장 27
Hibernate: 
    /* insert cap.stone.entity.MemberEntity
        */ insert 
        into
            member
            (addr, age, gender, m_score, mail, major, nick, password, phone, point, s_id, schoolname, username) 
        values
            (?, ?, ?, ?, ?, ?, ?, ?, ?, ?, ?, ?, ?)
ㅎㅇ저장 28
Hibernate: 
    /* insert cap.stone.entity.MemberEntity
        */ insert 
        into
            member
            (addr, age, gender, m_score, mail, major, nick, password, phone, point, s_id, schoolname, username) 
        values
            (?, ?, ?, ?, ?, ?, ?, ?, ?, ?, ?, ?, ?)
ㅎㅇ저장 29
Hibernate: 
    /* insert cap.stone.entity.MemberEntity
        */ insert 
        into
            member
            (addr, age, gender, m_score, mail, major, nick, password, phone, point, s_id, schoolname, username) 
        values
            (?, ?, ?, ?, ?, ?, ?, ?, ?, ?, ?, ?, ?)
ㅎㅇ저장 30
Hibernate: 
    /* insert cap.stone.entity.MemberEntity
        */ insert 
        into
            member
            (addr, age, gender, m_score, mail, major, nick, password, phone, point, s_id, schoolname, username) 
        values
            (?, ?, ?, ?, ?, ?, ?, ?, ?, ?, ?, ?, ?)
ㅎㅇ저장 31
Hibernate: 
    /* insert cap.stone.entity.MemberEntity
        */ insert 
        into
            member
            (addr, age, gender, m_score, mail, major, nick, password, phone, point, s_id, schoolname, username) 
        values
            (?, ?, ?, ?, ?, ?, ?, ?, ?, ?, ?, ?, ?)
ㅎㅇ저장 32
Hibernate: 
    /* insert cap.stone.entity.MemberEntity
        */ insert 
        into
            member
            (addr, age, gender, m_score, mail, major, nick, password, phone, point, s_id, schoolname, username) 
        values
            (?, ?, ?, ?, ?, ?, ?, ?, ?, ?, ?, ?, ?)
ㅎㅇ저장 33
Hibernate: 
    /* insert cap.stone.entity.MemberEntity
        */ insert 
        into
            member
            (addr, age, gender, m_score, mail, major, nick, password, phone, point, s_id, schoolname, username) 
        values
            (?, ?, ?, ?, ?, ?, ?, ?, ?, ?, ?, ?, ?)
ㅎㅇ저장 34
Hibernate: 
    /* insert cap.stone.entity.MemberEntity
        */ insert 
        into
            member
            (addr, age, gender, m_score, mail, major, nick, password, phone, point, s_id, schoolname, username) 
        values
            (?, ?, ?, ?, ?, ?, ?, ?, ?, ?, ?, ?, ?)
ㅎㅇ저장 35
Hibernate: 
    /* insert cap.stone.entity.MemberEntity
        */ insert 
        into
            member
            (addr, age, gender, m_score, mail, major, nick, password, phone, point, s_id, schoolname, username) 
        values
            (?, ?, ?, ?, ?, ?, ?, ?, ?, ?, ?, ?, ?)
ㅎㅇ저장 36
Hibernate: 
    /* insert cap.stone.entity.MemberEntity
        */ insert 
        into
            member
            (addr, age, gender, m_score, mail, major, nick, password, phone, point, s_id, schoolname, username) 
        values
            (?, ?, ?, ?, ?, ?, ?, ?, ?, ?, ?, ?, ?)
ㅎㅇ저장 37
Hibernate: 
    /* insert cap.stone.entity.MemberEntity
        */ insert 
        into
            member
            (addr, age, gender, m_score, mail, major, nick, password, phone, point, s_id, schoolname, username) 
        values
            (?, ?, ?, ?, ?, ?, ?, ?, ?, ?, ?, ?, ?)
ㅎㅇ저장 38
Hibernate: 
    /* insert cap.stone.entity.MemberEntity
        */ insert 
        into
            member
            (addr, age, gender, m_score, mail, major, nick, password, phone, point, s_id, schoolname, username) 
        values
            (?, ?, ?, ?, ?, ?, ?, ?, ?, ?, ?, ?, ?)
ㅎㅇ저장 39
Hibernate: 
    /* insert cap.stone.entity.MemberEntity
        */ insert 
        into
            member
            (addr, age, gender, m_score, mail, major, nick, password, phone, point, s_id, schoolname, username) 
        values
            (?, ?, ?, ?, ?, ?, ?, ?, ?, ?, ?, ?, ?)
ㅎㅇ저장 40
Hibernate: 
    /* insert cap.stone.entity.MemberEntity
        */ insert 
        into
            member
            (addr, age, gender, m_score, mail, major, nick, password, phone, point, s_id, schoolname, username) 
        values
            (?, ?, ?, ?, ?, ?, ?, ?, ?, ?, ?, ?, ?)
ㅎㅇ저장 41
Hibernate: 
    /* insert cap.stone.entity.MemberEntity
        */ insert 
        into
            member
            (addr, age, gender, m_score, mail, major, nick, password, phone, point, s_id, schoolname, username) 
        values
            (?, ?, ?, ?, ?, ?, ?, ?, ?, ?, ?, ?, ?)
ㅎㅇ저장 42
Hibernate: 
    /* insert cap.stone.entity.MemberEntity
        */ insert 
        into
            member
            (addr, age, gender, m_score, mail, major, nick, password, phone, point, s_id, schoolname, username) 
        values
            (?, ?, ?, ?, ?, ?, ?, ?, ?, ?, ?, ?, ?)
ㅎㅇ저장 43
]]></system-out>
  <system-err><![CDATA[]]></system-err>
</testsuite>
